[25-May-2023 14:23:04 UTC] PHP Warning:  PHP Startup: imap: Unable to initialize module
Module compiled with module API=20210902
PHP    compiled with module API=20220829
These options need to match
 in Unknown on line 0
[25-May-2023 14:23:05 UTC] PHP Warning:  PHP Startup: imap: Unable to initialize module
Module compiled with module API=20210902
PHP    compiled with module API=20220829
These options need to match
 in Unknown on line 0
[25-May-2023 14:23:21 UTC] PHP Warning:  PHP Startup: imap: Unable to initialize module
Module compiled with module API=20210902
PHP    compiled with module API=20220829
These options need to match
 in Unknown on line 0
[25-May-2023 14:23:22 UTC] PHP Warning:  PHP Startup: imap: Unable to initialize module
Module compiled with module API=20210902
PHP    compiled with module API=20220829
These options need to match
 in Unknown on line 0
[25-May-2023 14:23:22 UTC] PHP Warning:  PHP Startup: imap: Unable to initialize module
Module compiled with module API=20210902
PHP    compiled with module API=20220829
These options need to match
 in Unknown on line 0
[25-May-2023 14:23:25 UTC] PHP Warning:  PHP Startup: imap: Unable to initialize module
Module compiled with module API=20210902
PHP    compiled with module API=20220829
These options need to match
 in Unknown on line 0
[25-May-2023 14:23:25 UTC] PHP Warning:  PHP Startup: imap: Unable to initialize module
Module compiled with module API=20210902
PHP    compiled with module API=20220829
These options need to match
 in Unknown on line 0
[25-May-2023 14:23:26 UTC] PHP Warning:  PHP Startup: imap: Unable to initialize module
Module compiled with module API=20210902
PHP    compiled with module API=20220829
These options need to match
 in Unknown on line 0
